<?xml version="1.0" encoding="UTF-8"?>
<testsuite name="com.togglee.LibraryTest" tests="1" skipped="0" failures="0" errors="0" timestamp="2021-03-26T07:49:51" hostname="Alvaros-MacBook-Pro.local" time="0.028">
  <properties/>
  <testcase name="testSomeLibraryMethod()" classname="com.togglee.LibraryTest" time="0.028"/>
  <system-out><![CDATA[]]></system-out>
  <system-err><![CDATA[]]></system-err>
</testsuite>
